# JRE version: Java(TM) SE Runtime Environment (8.0_144-b01) (build 1.8.0_144-b01)
# Java VM: Java HotSpot(TM) Client VM (25.144-b01 mixed mode windows-x86 )
Heap:
 def new generation   total 21504K, used 17328K [0x04000000, 0x05750000, 0x19550000)
  eden space 19136K,  78% used [0x04000000, 0x04e9c208, 0x052b0000)
  from space 2368K, 100% used [0x052b0000, 0x05500000, 0x05500000)
  to   space 2368K,   0% used [0x05500000, 0x05500000, 0x05750000)
 tenured generation   total 47620K, used 36943K [0x19550000, 0x1c3d1000, 0x44000000)
   the space 47620K,  77% used [0x19550000, 0x1b963d68, 0x1b963e00, 0x1c3d1000)
 Metaspace       used 38055K, capacity 39119K, committed 39808K, reserved 40320K
GC Heap History (10 events):
Event: 525.612 GC heap before
{Heap before GC invocations=122 (full 6):
 def new generation   total 21504K, used 21221K [0x04000000, 0x05750000, 0x19550000)
  eden space 19136K, 100% used [0x04000000, 0x052b0000, 0x052b0000)
  from space 2368K,  88% used [0x05500000, 0x05709600, 0x05750000)
  to   space 2368K,   0% used [0x052b0000, 0x052b0000, 0x05500000)
 tenured generation   total 47620K, used 26496K [0x19550000, 0x1c3d1000, 0x44000000)
   the space 47620K,  55% used [0x19550000, 0x1af30298, 0x1af30400, 0x1c3d1000)
 Metaspace       used 36431K, capacity 37470K, committed 38784K, reserved 39296K
Event: 525.655 GC heap after
Heap after GC invocations=123 (full 6):
 def new generation   total 21504K, used 1006K [0x04000000, 0x05750000, 0x19550000)
  eden space 19136K,   0% used [0x04000000, 0x04000000, 0x052b0000)
  from space 2368K,  42% used [0x052b0000, 0x053abad8, 0x05500000)
  to   space 2368K,   0% used [0x05500000, 0x05500000, 0x05750000)
 tenured generation   total 47620K, used 28546K [0x19550000, 0x1c3d1000, 0x44000000)
   the space 47620K,  59% used [0x19550000, 0x1b130888, 0x1b130a00, 0x1c3d1000)
 Metaspace       used 36431K, capacity 37470K, committed 38784K, reserved 39296K
}
Event: 527.774 GC heap before
{Heap before GC invocations=123 (full 6):
 def new generation   total 21504K, used 20142K [0x04000000, 0x05750000, 0x19550000)
  eden space 19136K, 100% used [0x04000000, 0x052b0000, 0x052b0000)
  from space 2368K,  42% used [0x052b0000, 0x053abad8, 0x05500000)
  to   space 2368K,   0% used [0x05500000, 0x05500000, 0x05750000)
 tenured generation   total 47620K, used 28546K [0x19550000, 0x1c3d1000, 0x44000000)
   the space 47620K,  59% used [0x19550000, 0x1b130888, 0x1b130a00, 0x1c3d1000)
 Metaspace       used 36471K, capacity 37534K, committed 38784K, reserved 39296K
Event: 527.836 GC heap after
Heap after GC invocations=124 (full 6):
 def new generation   total 21504K, used 2368K [0x04000000, 0x05750000, 0x19550000)
  eden space 19136K,   0% used [0x04000000, 0x04000000, 0x052b0000)
  from space 2368K, 100% used [0x05500000, 0x05750000, 0x05750000)
  to   space 2368K,   0% used [0x052b0000, 0x052b0000, 0x05500000)
 tenured generation   total 47620K, used 29138K [0x19550000, 0x1c3d1000, 0x44000000)
   the space 47620K,  61% used [0x19550000, 0x1b1c4998, 0x1b1c4a00, 0x1c3d1000)
 Metaspace       used 36471K, capacity 37534K, committed 38784K, reserved 39296K
}
Event: 535.321 GC heap before
{Heap before GC invocations=124 (full 6):
 def new generation   total 21504K, used 21504K [0x04000000, 0x05750000, 0x19550000)
  eden space 19136K, 100% used [0x04000000, 0x052b0000, 0x052b0000)
  from space 2368K, 100% used [0x05500000, 0x05750000, 0x05750000)
  to   space 2368K,   0% used [0x052b0000, 0x052b0000, 0x05500000)
 tenured generation   total 47620K, used 29138K [0x19550000, 0x1c3d1000, 0x44000000)
   the space 47620K,  61% used [0x19550000, 0x1b1c4998, 0x1b1c4a00, 0x1c3d1000)
 Metaspace       used 36957K, capacity 38044K, committed 38912K, reserved 39296K
Event: 535.398 GC heap after
Heap after GC invocations=125 (full 6):
 def new generation   total 21504K, used 1853K [0x04000000, 0x05750000, 0x19550000)
  eden space 19136K,   0% used [0x04000000, 0x04000000, 0x052b0000)
  from space 2368K,  78% used [0x052b0000, 0x0547f740, 0x05500000)
  to   space 2368K,   0% used [0x05500000, 0x05500000, 0x05750000)
 tenured generation   total 47620K, used 31504K [0x19550000, 0x1c3d1000, 0x44000000)
   the space 47620K,  66% used [0x19550000, 0x1b4141b8, 0x1b414200, 0x1c3d1000)
 Metaspace       used 36957K, capacity 38044K, committed 38912K, reserved 39296K
}
Event: 559.929 GC heap before
{Heap before GC invocations=125 (full 6):
 def new generation   total 21504K, used 20989K [0x04000000, 0x05750000, 0x19550000)
  eden space 19136K, 100% used [0x04000000, 0x052b0000, 0x052b0000)
  from space 2368K,  78% used [0x052b0000, 0x0547f740, 0x05500000)
  to   space 2368K,   0% used [0x05500000, 0x05500000, 0x05750000)
 tenured generation   total 47620K, used 31504K [0x19550000, 0x1c3d1000, 0x44000000)
   the space 47620K,  66% used [0x19550000, 0x1b4141b8, 0x1b414200, 0x1c3d1000)
 Metaspace       used 37426K, capacity 38510K, committed 39296K, reserved 39296K
Event: 560.000 GC heap after
Heap after GC invocations=126 (full 6):
 def new generation   total 21504K, used 2368K [0x04000000, 0x05750000, 0x19550000)
  eden space 19136K,   0% used [0x04000000, 0x04000000, 0x052b0000)
  from space 2368K, 100% used [0x05500000, 0x05750000, 0x05750000)
  to   space 2368K,   0% used [0x052b0000, 0x052b0000, 0x05500000)
 tenured generation   total 47620K, used 34591K [0x19550000, 0x1c3d1000, 0x44000000)
   the space 47620K,  72% used [0x19550000, 0x1b717c90, 0x1b717e00, 0x1c3d1000)
 Metaspace       used 37426K, capacity 38510K, committed 39296K, reserved 39296K
}
Event: 567.204 GC heap before
{Heap before GC invocations=126 (full 6):
 def new generation   total 21504K, used 21504K [0x04000000, 0x05750000, 0x19550000)
  eden space 19136K, 100% used [0x04000000, 0x052b0000, 0x052b0000)
  from space 2368K, 100% used [0x05500000, 0x05750000, 0x05750000)
  to   space 2368K,   0% used [0x052b0000, 0x052b0000, 0x05500000)
 tenured generation   total 47620K, used 34591K [0x19550000, 0x1c3d1000, 0x44000000)
   the space 47620K,  72% used [0x19550000, 0x1b717c90, 0x1b717e00, 0x1c3d1000)
 Metaspace       used 37647K, capacity 38725K, committed 39424K, reserved 40320K
Event: 567.267 GC heap after
Heap after GC invocations=127 (full 6):
 def new generation   total 21504K, used 2368K [0x04000000, 0x05750000, 0x19550000)
  eden space 19136K,   0% used [0x04000000, 0x04000000, 0x052b0000)
  from space 2368K, 100% used [0x052b0000, 0x05500000, 0x05500000)
  to   space 2368K,   0% used [0x05500000, 0x05500000, 0x05750000)
 tenured generation   total 47620K, used 36943K [0x19550000, 0x1c3d1000, 0x44000000)
   the space 47620K,  77% used [0x19550000, 0x1b963d68, 0x1b963e00, 0x1c3d1000)
 Metaspace       used 37647K, capacity 38725K, committed 39424K, reserved 40320K
}

