# JRE version: Java(TM) SE Runtime Environment (8.0_144-b01) (build 1.8.0_144-b01)
# Java VM: Java HotSpot(TM) Client VM (25.144-b01 mixed mode windows-x86 )
Heap:
 def new generation   total 24448K, used 22066K [0x04200000, 0x05c80000, 0x19750000)
  eden space 21760K,  89% used [0x04200000, 0x054ecaa8, 0x05740000)
  from space 2688K, 100% used [0x059e0000, 0x05c80000, 0x05c80000)
  to   space 2688K,   0% used [0x05740000, 0x05740000, 0x059e0000)
 tenured generation   total 54140K, used 37599K [0x19750000, 0x1cc2f000, 0x44200000)
   the space 54140K,  69% used [0x19750000, 0x1bc07d28, 0x1bc07e00, 0x1cc2f000)
 Metaspace       used 39009K, capacity 40294K, committed 41216K, reserved 41344K
GC Heap History (10 events):
Event: 2894.009 GC heap before
{Heap before GC invocations=164 (full 7):
 def new generation   total 24448K, used 22189K [0x04200000, 0x05c80000, 0x19750000)
  eden space 21760K, 100% used [0x04200000, 0x05740000, 0x05740000)
  from space 2688K,  15% used [0x05740000, 0x057ab408, 0x059e0000)
  to   space 2688K,   0% used [0x059e0000, 0x059e0000, 0x05c80000)
 tenured generation   total 54140K, used 27244K [0x19750000, 0x1cc2f000, 0x44200000)
   the space 54140K,  50% used [0x19750000, 0x1b1eb250, 0x1b1eb400, 0x1cc2f000)
 Metaspace       used 36857K, capacity 38083K, committed 39680K, reserved 40320K
Event: 2894.064 GC heap after
Heap after GC invocations=165 (full 7):
 def new generation   total 24448K, used 2337K [0x04200000, 0x05c80000, 0x19750000)
  eden space 21760K,   0% used [0x04200000, 0x04200000, 0x05740000)
  from space 2688K,  86% used [0x059e0000, 0x05c287d8, 0x05c80000)
  to   space 2688K,   0% used [0x05740000, 0x05740000, 0x059e0000)
 tenured generation   total 54140K, used 27244K [0x19750000, 0x1cc2f000, 0x44200000)
   the space 54140K,  50% used [0x19750000, 0x1b1eb250, 0x1b1eb400, 0x1cc2f000)
 Metaspace       used 36857K, capacity 38083K, committed 39680K, reserved 40320K
}
Event: 2896.196 GC heap before
{Heap before GC invocations=165 (full 7):
 def new generation   total 24448K, used 24097K [0x04200000, 0x05c80000, 0x19750000)
  eden space 21760K, 100% used [0x04200000, 0x05740000, 0x05740000)
  from space 2688K,  86% used [0x059e0000, 0x05c287d8, 0x05c80000)
  to   space 2688K,   0% used [0x05740000, 0x05740000, 0x059e0000)
 tenured generation   total 54140K, used 27244K [0x19750000, 0x1cc2f000, 0x44200000)
   the space 54140K,  50% used [0x19750000, 0x1b1eb250, 0x1b1eb400, 0x1cc2f000)
 Metaspace       used 36859K, capacity 38086K, committed 39680K, reserved 40320K
Event: 2896.242 GC heap after
Heap after GC invocations=166 (full 7):
 def new generation   total 24448K, used 671K [0x04200000, 0x05c80000, 0x19750000)
  eden space 21760K,   0% used [0x04200000, 0x04200000, 0x05740000)
  from space 2688K,  24% used [0x05740000, 0x057e7f58, 0x059e0000)
  to   space 2688K,   0% used [0x059e0000, 0x059e0000, 0x05c80000)
 tenured generation   total 54140K, used 29545K [0x19750000, 0x1cc2f000, 0x44200000)
   the space 54140K,  54% used [0x19750000, 0x1b42a4b8, 0x1b42a600, 0x1cc2f000)
 Metaspace       used 36859K, capacity 38086K, committed 39680K, reserved 40320K
}
Event: 2901.168 GC heap before
{Heap before GC invocations=166 (full 7):
 def new generation   total 24448K, used 22431K [0x04200000, 0x05c80000, 0x19750000)
  eden space 21760K, 100% used [0x04200000, 0x05740000, 0x05740000)
  from space 2688K,  24% used [0x05740000, 0x057e7f58, 0x059e0000)
  to   space 2688K,   0% used [0x059e0000, 0x059e0000, 0x05c80000)
 tenured generation   total 54140K, used 29545K [0x19750000, 0x1cc2f000, 0x44200000)
   the space 54140K,  54% used [0x19750000, 0x1b42a4b8, 0x1b42a600, 0x1cc2f000)
 Metaspace       used 37281K, capacity 38512K, committed 39680K, reserved 40320K
Event: 2901.233 GC heap after
Heap after GC invocations=167 (full 7):
 def new generation   total 24448K, used 2688K [0x04200000, 0x05c80000, 0x19750000)
  eden space 21760K,   0% used [0x04200000, 0x04200000, 0x05740000)
  from space 2688K, 100% used [0x059e0000, 0x05c80000, 0x05c80000)
  to   space 2688K,   0% used [0x05740000, 0x05740000, 0x059e0000)
 tenured generation   total 54140K, used 30696K [0x19750000, 0x1cc2f000, 0x44200000)
   the space 54140K,  56% used [0x19750000, 0x1b54a048, 0x1b54a200, 0x1cc2f000)
 Metaspace       used 37281K, capacity 38512K, committed 39680K, reserved 40320K
}
Event: 2942.724 GC heap before
{Heap before GC invocations=167 (full 7):
 def new generation   total 24448K, used 24448K [0x04200000, 0x05c80000, 0x19750000)
  eden space 21760K, 100% used [0x04200000, 0x05740000, 0x05740000)
  from space 2688K, 100% used [0x059e0000, 0x05c80000, 0x05c80000)
  to   space 2688K,   0% used [0x05740000, 0x05740000, 0x059e0000)
 tenured generation   total 54140K, used 30696K [0x19750000, 0x1cc2f000, 0x44200000)
   the space 54140K,  56% used [0x19750000, 0x1b54a048, 0x1b54a200, 0x1cc2f000)
 Metaspace       used 37899K, capacity 39173K, committed 40064K, reserved 40320K
Event: 2942.837 GC heap after
Heap after GC invocations=168 (full 7):
 def new generation   total 24448K, used 2688K [0x04200000, 0x05c80000, 0x19750000)
  eden space 21760K,   0% used [0x04200000, 0x04200000, 0x05740000)
  from space 2688K, 100% used [0x05740000, 0x059e0000, 0x059e0000)
  to   space 2688K,   0% used [0x059e0000, 0x059e0000, 0x05c80000)
 tenured generation   total 54140K, used 34700K [0x19750000, 0x1cc2f000, 0x44200000)
   the space 54140K,  64% used [0x19750000, 0x1b9331d8, 0x1b933200, 0x1cc2f000)
 Metaspace       used 37899K, capacity 39173K, committed 40064K, reserved 40320K
}
Event: 2943.948 GC heap before
{Heap before GC invocations=168 (full 7):
 def new generation   total 24448K, used 24448K [0x04200000, 0x05c80000, 0x19750000)
  eden space 21760K, 100% used [0x04200000, 0x05740000, 0x05740000)
  from space 2688K, 100% used [0x05740000, 0x059e0000, 0x059e0000)
  to   space 2688K,   0% used [0x059e0000, 0x059e0000, 0x05c80000)
 tenured generation   total 54140K, used 34700K [0x19750000, 0x1cc2f000, 0x44200000)
   the space 54140K,  64% used [0x19750000, 0x1b9331d8, 0x1b933200, 0x1cc2f000)
 Metaspace       used 38053K, capacity 39335K, committed 40320K, reserved 40320K
Event: 2944.021 GC heap after
Heap after GC invocations=169 (full 7):
 def new generation   total 24448K, used 2688K [0x04200000, 0x05c80000, 0x19750000)
  eden space 21760K,   0% used [0x04200000, 0x04200000, 0x05740000)
  from space 2688K, 100% used [0x059e0000, 0x05c80000, 0x05c80000)
  to   space 2688K,   0% used [0x05740000, 0x05740000, 0x059e0000)
 tenured generation   total 54140K, used 37599K [0x19750000, 0x1cc2f000, 0x44200000)
   the space 54140K,  69% used [0x19750000, 0x1bc07d28, 0x1bc07e00, 0x1cc2f000)
 Metaspace       used 38053K, capacity 39335K, committed 40320K, reserved 40320K
}

